app/build/outputs/mapping/release/mapping.txt
com.drspaceboo.transtracks.R -> com.drspaceboo.transtracks.a:
com.drspaceboo.transtracks.R$styleable -> com.drspaceboo.transtracks.a$a:
    int[] ActionBar -> ActionBar
    int ActionBar_background -> ActionBar_background
    int ActionBar_backgroundSplit -> ActionBar_backgroundSplit
    int ActionBar_backgroundStacked -> ActionBar_backgroundStacked
    int ActionBar_contentInsetEnd -> ActionBar_contentInsetEnd
    int ActionBar_contentInsetEndWithActions -> ActionBar_contentInsetEndWithActions
    int ActionBar_contentInsetLeft -> ActionBar_contentInsetLeft
    int ActionBar_contentInsetRight -> ActionBar_contentInsetRight
    int ActionBar_contentInsetStart -> ActionBar_contentInsetStart
    int ActionBar_contentInsetStartWithNavigation -> ActionBar_contentInsetStartWithNavigation
    int ActionBar_customNavigationLayout -> ActionBar_customNavigationLayout
    int ActionBar_displayOptions -> ActionBar_displayOptions
    int ActionBar_divider -> ActionBar_divider
    int ActionBar_elevation -> ActionBar_elevation
    int ActionBar_height -> ActionBar_height
    int ActionBar_hideOnContentScroll -> ActionBar_hideOnContentScroll
    int ActionBar_homeAsUpIndicator -> ActionBar_homeAsUpIndicator
    int ActionBar_homeLayout -> ActionBar_homeLayout
    int ActionBar_icon -> ActionBar_icon
    int ActionBar_indeterminateProgressStyle -> ActionBar_indeterminateProgressStyle
    int ActionBar_itemPadding -> ActionBar_itemPadding
    int ActionBar_logo -> ActionBar_logo
    int ActionBar_navigationMode -> ActionBar_navigationMode
com.drspaceboo.transtracks.TransTracksApp -> com.drspaceboo.transtracks.TransTracksApp:
    com.drspaceboo.transtracks.domain.DomainManager domainManager -> b
    com.drspaceboo.transtracks.TransTracksApp instance -> c
    com.drspaceboo.transtracks.TransTracksApp$Companion Companion -> a
    13:13:com.drspaceboo.transtracks.domain.DomainManager getDomainManager() -> a
    16:32:void onCreate() -> onCreate
    12:13:void <init>() -> <init>
    void <clinit>() -> <clinit>
    12:12:com.drspaceboo.transtracks.TransTracksApp access$getInstance$cp() -> b
com.drspaceboo.transtracks.TransTracksApp$Companion -> com.drspaceboo.transtracks.TransTracksApp$a:
    35:35:com.drspaceboo.transtracks.TransTracksApp getInstance() -> a
    34:34:void <init>() -> <init>
    34:34:void <init>(kotlin.jvm.internal.DefaultConstructorMarker) -> <init>
com.drspaceboo.transtracks.background.CameraHandler -> com.drspaceboo.transtracks.a.a:
    java.io.File currentFile -> b
    com.jakewharton.rxrelay2.BehaviorRelay cameraPermissionRelay -> c
    io.reactivex.Observable cameraPermissionEnabled -> d
    com.jakewharton.rxrelay2.PublishRelay permissionBlockedRelay -> e
    io.reactivex.Observable cameraPermissionBlocked -> f
    com.jakewharton.rxrelay2.PublishRelay photoTakenRelay -> g
    io.reactivex.Observable photoTaken -> h
    com.drspaceboo.transtracks.background.CameraHandler$Companion Companion -> a
    java.util.HashMap _$_findViewCache -> i
    28:36:void onActivityResult(int,int,android.content.Intent) -> a
    39:41:void onResume() -> r
    45:54:void onRequestPermissionsResult(int,java.lang.String[],int[]) -> a
    57:62:boolean checkPermissionGranted() -> ad
    66:71:boolean makeRequestsIfNeeded() -> ae
    75:80:void request() -> af
    83:90:void takePhoto() -> ag
    20:24:void <init>() -> <init>
    97:104:void <clinit>() -> <clinit>
    20:20:io.reactivex.Observable access$getCameraPermissionEnabled$cp() -> c
    20:20:io.reactivex.Observable access$getCameraPermissionBlocked$cp() -> aa
    20:20:io.reactivex.Observable access$getPhotoTaken$cp() -> ab
    20:20:boolean access$makeRequestsIfNeeded(com.drspaceboo.transtracks.background.CameraHandler) -> a
    20:20:void access$takePhoto(com.drspaceboo.transtracks.background.CameraHandler) -> b
    void _$_clearFindViewByIdCache() -> ac
...
com.google.android.gms.internal.ads.zzban -> com.google.android.gms.internal.ads.aao:
    void <init>() -> <init>
    boolean zza(com.google.android.gms.internal.ads.zzbah,int,int) -> a
com.google.android.gms.internal.ads.zzbao -> com.google.android.gms.internal.ads.aap:
    byte[] zzdpw -> b
    void <init>(byte[]) -> <init>
    byte zzbn(int) -> a
    int size() -> a
    com.google.android.gms.internal.ads.zzbah zzk(int,int) -> a
    void zza(byte[],int,int,int) -> a
    void zza(com.google.android.gms.internal.ads.zzbag) -> a
    java.lang.String zza(java.nio.charset.Charset) -> a
    boolean zzabe() -> d
    boolean equals(java.lang.Object) -> equals
    boolean zza(com.google.android.gms.internal.ads.zzbah,int,int) -> a
    int zzc(int,int,int) -> a
    com.google.android.gms.internal.ads.zzbaq zzabf() -> e
    int zzabh() -> g
com.google.android.gms.internal.ads.zzbap -> com.google.android.gms.internal.ads.aaq:
    void <init>() -> <init>
    byte[] zzd(byte[],int,int) -> a
    void <init>(com.google.android.gms.internal.ads.zzbai) -> <init>
com.google.android.gms.internal.ads.zzbaq -> com.google.android.gms.internal.ads.aar:
    int zzdpx -> a
    int zzdpy -> b
    int zzdpz -> d
    com.google.android.gms.internal.ads.zzbat zzdqa -> c
    boolean zzdqb -> e
    boolean zzdqc -> f
    com.google.android.gms.internal.ads.zzbaq zza(byte[],int,int,boolean) -> a
    void <init>() -> <init>
    int zzabk() -> a
    void zzbp(int) -> a
    boolean zzbq(int) -> b
    double readDouble() -> b
    float readFloat() -> c
    long zzabl() -> d
    long zzabm() -> e
    int zzabn() -> f
    long zzabo() -> g
    int zzabp() -> h
    boolean zzabq() -> i
    java.lang.String readString() -> j
    java.lang.String zzabr() -> k
    com.google.android.gms.internal.ads.zzbah zzabs() -> l
    int zzabt() -> m
    int zzabu() -> n
    int zzabv() -> o
    long zzabw() -> p
    int zzabx() -> q
    long zzaby() -> r
    long zzabz() -> s
    int zzbr(int) -> c
    void zzbs(int) -> d
    boolean zzaca() -> t
    int zzacb() -> u
    void zzbt(int) -> e
    int zzbu(int) -> f
    long zzl(long) -> a
    void <init>(com.google.android.gms.internal.ads.zzbar) -> <init>
    void <clinit>() -> <clinit>
com.google.android.gms.internal.ads.zzbar -> com.google.android.gms.internal.ads.aas:
com.google.android.gms.internal.ads.zzbas -> com.google.android.gms.internal.ads.aat:
    byte[] buffer -> d
    boolean zzdqd -> e
    int limit -> f
    int zzdqe -> g
    int pos -> h
    int zzdqf -> i
    int zzdqg -> j
    int zzdqh -> k
    void <init>(byte[],int,int,boolean) -> <init>
    int zzabk() -> a
    void zzbp(int) -> a
    boolean zzbq(int) -> b
    double readDouble() -> b
    float readFloat() -> c
    long zzabl() -> d
    long zzabm() -> e
    int zzabn() -> f
    long zzabo() -> g
    int zzabp() -> h
    boolean zzabq() -> i
    java.lang.String readString() -> j
    java.lang.String zzabr() -> k
    com.google.android.gms.internal.ads.zzbah zzabs() -> l
    int zzabt() -> m
    int zzabu() -> n
    int zzabv() -> o
    long zzabw() -> p
    int zzabx() -> q
    long zzaby() -> r
    int zzacc() -> v
    long zzacd() -> w
    long zzabz() -> s
    int zzace() -> x
    long zzacf() -> y
    int zzbr(int) -> c
    void zzacg() -> z
    void zzbs(int) -> d
    boolean zzaca() -> t
    int zzacb() -> u
    byte zzach() -> A
    void zzbt(int) -> e
    void <init>(byte[],int,int,boolean,com.google.android.gms.internal.ads.zzbar) -> <init>